<?xml version="1.0" encoding="UTF-8"?>
<!-- Generated by org.testng.reporters.JUnitReportReporter -->
<testsuite hostname="LAPTOP-6DO3SGB9" failures="0" tests="2" name="FlipkartTestNG.loginPage" time="28.787" errors="0" timestamp="2022-09-25T22:22:26 IST" skipped="0">
  <testcase classname="FlipkartTestNG.loginPage" name="test" time="15.901"/>
  <system-out/>
  <testcase classname="FlipkartTestNG.loginPage" name="test1" time="12.886"/>
  <system-out/>
</testsuite> <!-- FlipkartTestNG.loginPage -->
