<?xml version="1.0" encoding="UTF-8"?>
<!-- Generated by org.testng.reporters.JUnitReportReporter -->
<testsuite hostname="LAPTOP-6DO3SGB9" failures="0" tests="1" name="test.TestNG" time="0.014" errors="0" timestamp="2022-09-20T00:00:06 IST" skipped="0">
  <testcase classname="test.TestNG" name="test" time="0.014"/>
  <system-out/>
</testsuite> <!-- test.TestNG -->
