<?xml version="1.0" encoding="UTF-8"?>
<!-- Generated by org.testng.reporters.JUnitReportReporter -->
<testsuite hostname="LAPTOP-6DO3SGB9" failures="0" tests="2" name="AdidasTest" time="7.231" errors="0" timestamp="2022-09-23T01:18:53 IST" skipped="0">
  <testcase classname="AdidasTest" name="VerifyWaterBottleButton" time="3.765"/>
  <system-out/>
  <testcase classname="AdidasTest" name="VerifytshirtButton" time="3.466"/>
  <system-out/>
</testsuite> <!-- AdidasTest -->
